<?xml version="1.0" encoding="UTF-8"?>
<testng-results ignored="0" total="2" passed="2" failed="0" skipped="0">
  <reporter-output>
  </reporter-output>
  <suite started-at="2024-12-29T22:56:34 IST" name="Suite" finished-at="2024-12-29T22:56:50 IST" duration-ms="15996">
    <groups>
    </groups>
    <test started-at="2024-12-29T22:56:34 IST" name="Test" finished-at="2024-12-29T22:56:50 IST" duration-ms="15996">
      <class name="testcases.LoginTest">
        <test-method is-config="true" signature="setupBrowser()[pri:0, instance:testcases.LoginTest@5ddeb7cb]" started-at="2024-12-29T22:56:34 IST" name="setupBrowser" finished-at="2024-12-29T22:56:38 IST" duration-ms="4601" status="PASS">
          <reporter-output>
          </reporter-output>
        </test-method> <!-- setupBrowser -->
        <test-method signature="validLoginTest(java.lang.String,java.lang.String)[pri:0, instance:testcases.LoginTest@5ddeb7cb]" started-at="2024-12-29T22:56:40 IST" name="validLoginTest" description="This test will verify valid login scenario" data-provider="login" finished-at="2024-12-29T22:56:44 IST" duration-ms="4061" status="PASS">
          <params>
            <param index="0">
              <value>
                <![CDATA[admin@email.com]]>
              </value>
            </param>
            <param index="1">
              <value>
                <![CDATA[admin@123]]>
              </value>
            </param>
          </params>
          <reporter-output>
          </reporter-output>
        </test-method> <!-- validLoginTest -->
        <test-method signature="validLoginTest(java.lang.String,java.lang.String)[pri:0, instance:testcases.LoginTest@5ddeb7cb]" started-at="2024-12-29T22:56:44 IST" name="validLoginTest" description="This test will verify valid login scenario" data-provider="login" finished-at="2024-12-29T22:56:48 IST" duration-ms="3749" status="PASS">
          <params>
            <param index="0">
              <value>
                <![CDATA[deepika.avula@gmail.com]]>
              </value>
            </param>
            <param index="1">
              <value>
                <![CDATA[deepika123]]>
              </value>
            </param>
          </params>
          <reporter-output>
          </reporter-output>
        </test-method> <!-- validLoginTest -->
        <test-method is-config="true" signature="tearDown()[pri:0, instance:testcases.LoginTest@5ddeb7cb]" started-at="2024-12-29T22:56:48 IST" name="tearDown" finished-at="2024-12-29T22:56:50 IST" duration-ms="1817" status="PASS">
          <reporter-output>
          </reporter-output>
        </test-method> <!-- tearDown -->
      </class> <!-- testcases.LoginTest -->
    </test> <!-- Test -->
  </suite> <!-- Suite -->
</testng-results>
