<?xml version="1.0" encoding="UTF-8"?>
<testng-results ignored="0" total="2" passed="2" failed="0" skipped="0">
  <reporter-output>
  </reporter-output>
  <suite started-at="2025-01-02T19:02:40 IST" name="Suite" finished-at="2025-01-02T19:02:52 IST" duration-ms="12604">
    <groups>
    </groups>
    <test started-at="2025-01-02T19:02:40 IST" name="Test" finished-at="2025-01-02T19:02:52 IST" duration-ms="12604">
      <class name="testcases.LoginTest">
        <test-method is-config="true" signature="setupBrowser()[pri:0, instance:testcases.LoginTest@710636b0]" started-at="2025-01-02T19:02:40 IST" name="setupBrowser" finished-at="2025-01-02T19:02:43 IST" duration-ms="2998" status="PASS">
          <reporter-output>
          </reporter-output>
        </test-method> <!-- setupBrowser -->
        <test-method signature="validLoginTest(java.lang.String,java.lang.String)[pri:0, instance:testcases.LoginTest@710636b0]" started-at="2025-01-02T19:02:44 IST" name="validLoginTest" description="This test will verify valid login scenario" data-provider="login" finished-at="2025-01-02T19:02:48 IST" duration-ms="3824" status="PASS">
          <params>
            <param index="0">
              <value>
                <![CDATA[admin@email.com]]>
              </value>
            </param>
            <param index="1">
              <value>
                <![CDATA[admin@123]]>
              </value>
            </param>
          </params>
          <reporter-output>
          </reporter-output>
        </test-method> <!-- validLoginTest -->
        <test-method signature="validLoginTest(java.lang.String,java.lang.String)[pri:0, instance:testcases.LoginTest@710636b0]" started-at="2025-01-02T19:02:48 IST" name="validLoginTest" description="This test will verify valid login scenario" data-provider="login" finished-at="2025-01-02T19:02:52 IST" duration-ms="3756" status="PASS">
          <params>
            <param index="0">
              <value>
                <![CDATA[deepika.avula@gmail.com]]>
              </value>
            </param>
            <param index="1">
              <value>
                <![CDATA[deepika123]]>
              </value>
            </param>
          </params>
          <reporter-output>
          </reporter-output>
        </test-method> <!-- validLoginTest -->
        <test-method is-config="true" signature="tearDown()[pri:0, instance:testcases.LoginTest@710636b0]" started-at="2025-01-02T19:02:52 IST" name="tearDown" finished-at="2025-01-02T19:02:52 IST" duration-ms="371" status="PASS">
          <reporter-output>
          </reporter-output>
        </test-method> <!-- tearDown -->
      </class> <!-- testcases.LoginTest -->
    </test> <!-- Test -->
  </suite> <!-- Suite -->
</testng-results>
